Build started 11/29/2013 23:42:20.
     1>Project "D:\workspace\hevc-rate-control\build\vc10\TAppDecoder_vc10.vcxproj" on node 3 (Build target(s)).
     1>ClCompile:
         D:\Program Files\Microsoft Visual Studio 12.0\VC\bin\CL.exe /c /I"D:\workspace\hevc-rate-control\build\\..\source\Lib\\" /I"D:\workspace\hevc-rate-control\build\\..\compat\msvc" /ZI /nologo /W3 /WX- /Od /Oy- /D WIN32 /D _DEBUG /D _CONSOLE /D _CRT_SECURE_NO_WARNINGS /D _MBCS /Gm /EHsc /RTC1 /MTd /GS /fp:precise /Zc:wchar_t /Zc:forScope /Fo"D:\workspace\hevc-rate-control\build\\vc10\Win32\Debug\TAppDecoder\\" /Fd"D:\workspace\hevc-rate-control\build\\vc10\Win32\Debug\TAppDecoder\vc120.pdb" /Gd /TP /analyze- /errorReport:prompt ..\..\source\App\TAppDecoder\TAppDecCfg.cpp ..\..\source\App\TAppDecoder\TAppDecTop.cpp ..\..\source\App\TAppDecoder\decmain.cpp
         decmain.cpp
         TAppDecTop.cpp
         TAppDecCfg.cpp
         Generating Code...
       Link:
         D:\Program Files\Microsoft Visual Studio 12.0\VC\bin\link.exe /ERRORREPORT:PROMPT /OUT:"D:\workspace\hevc-rate-control\build\\..\bin\vc10\Win32\Debug\TAppDecoder.exe" /INCREMENTAL /NOLOGO kernel32.lib user32.lib gdi32.lib winspool.lib comdlg32.lib advapi32.lib shell32.lib ole32.lib oleaut32.lib uuid.lib odbc32.lib odbccp32.lib /MANIFEST /MANIFESTUAC:"level='asInvoker' uiAccess='false'" /manifest:embed /DEBUG /PDB:"D:\workspace\hevc-rate-control\build\\..\bin\vc10\Win32\Debug\TAppDecoder.pdb" /SUBSYSTEM:CONSOLE /TLBID:1 /DYNAMICBASE /NXCOMPAT /IMPLIB:"D:\workspace\hevc-rate-control\build\\..\bin\vc10\Win32\Debug\TAppDecoder.lib" /MACHINE:X86 /SAFESEH "D:\workspace\hevc-rate-control\build\\vc10\Win32\Debug\TAppDecoder\decmain.obj"
         "D:\workspace\hevc-rate-control\build\\vc10\Win32\Debug\TAppDecoder\TAppDecCfg.obj"
         "D:\workspace\hevc-rate-control\build\\vc10\Win32\Debug\TAppDecoder\TAppDecTop.obj"
         "D:\workspace\hevc-rate-control\build\vc10\Win32\Debug\TAppCommon\TAppCommon.lib"
         "D:\workspace\hevc-rate-control\build\vc10\Win32\Debug\TLibCommon\TLibCommon.lib"
         "D:\workspace\hevc-rate-control\build\vc10\Win32\Debug\TLibDecoder\TLibDecoder.lib"
         "D:\workspace\hevc-rate-control\build\vc10\Win32\Debug\TLibVideoIo\TLibVideoIO.lib"
     1>decmain.obj : warning LNK4075: ignoring '/EDITANDCONTINUE' due to '/SAFESEH' specification
         TAppDecoder_vc10.vcxproj -> D:\workspace\hevc-rate-control\build\\..\bin\vc10\Win32\Debug\TAppDecoder.exe
     1>Done Building Project "D:\workspace\hevc-rate-control\build\vc10\TAppDecoder_vc10.vcxproj" (Build target(s)).

Build succeeded.

Time Elapsed 00:00:14.19
